#
# There is insufficient memory for the Java Runtime Environment to continue.
# Native memory allocation (malloc) failed to allocate 32744 bytes for ChunkPool::allocate
# Possible reasons:
#   The system is out of physical RAM or swap space
#   The process is running with CompressedOops enabled, and the Java Heap may be blocking the growth of the native heap
# Possible solutions:
#   Reduce memory load on the system
#   Increase physical memory or swap space
#   Check if swap backing store is full
#   Decrease Java heap size (-Xmx/-Xms)
#   Decrease number of Java threads
#   Decrease Java thread stack sizes (-Xss)
#   Set larger code cache with -XX:ReservedCodeCacheSize=
#   JVM is running with Unscaled Compressed Oops mode in which the Java heap is
#     placed in the first 4GB address space. The Java Heap base address is the
#     maximum limit for the native heap growth. Please use -XX:HeapBaseMinAddress
#     to set the Java Heap base and to place the Java Heap above 4GB virtual address.
# This output file may be truncated or incomplete.
#
#  Out of Memory Error (./src/hotspot/share/memory/arena.cpp:81), pid=18792, tid=14288
#
# JRE version: OpenJDK Runtime Environment (11.0.12+7) (build 11.0.12+7-LTS)
# Java VM: OpenJDK 64-Bit Server VM (11.0.12+7-LTS, mixed mode, tiered, compressed oops, g1 gc, windows-amd64)
# No core dump will be written. Minidumps are not enabled by default on client versions of Windows
#

---------------  S U M M A R Y ------------

Command Line: -XX:TieredStopAtLevel=1 -Xverify:none -Dspring.output.ansi.enabled=always -Dcom.sun.management.jmxremote -Dspring.jmx.enabled=true -Dspring.liveBeansView.mbeanDomain -Dspring.application.admin.enabled=true -javaagent:C:\Program Files\JetBrains\IntelliJ IDEA 2021.3.2\lib\idea_rt.jar=50960:C:\Program Files\JetBrains\IntelliJ IDEA 2021.3.2\bin -Dfile.encoding=UTF-8 ru.geekbrains.marchmarket.MarchMarketApplication

Host: Intel(R) Core(TM) i5-8250U CPU @ 1.60GHz, 8 cores, 7G,  Windows 10 , 64 bit Build 22000 (10.0.22000.434)
Time: Fri Apr  8 19:34:48 2022 RTZ 2 (зима) elapsed time: 15.792443 seconds (0d 0h 0m 15s)

---------------  T H R E A D  ---------------

Current thread (0x000002347e1df000):  JavaThread "C1 CompilerThread0" daemon [_thread_in_native, id=14288, stack(0x000000fc77800000,0x000000fc77900000)]


Current CompileTask:
C1:  15792 6230   !   1       org.apache.catalina.core.StandardWrapperValve::invoke (2665 bytes)

Stack: [0x000000fc77800000,0x000000fc77900000]
Native frames: (J=compiled Java code, j=interpreted, Vv=VM code, C=native code)
V  [jvm.dll+0x601cea]
V  [jvm.dll+0x78ab4e]
V  [jvm.dll+0x78c21f]
V  [jvm.dll+0x78c8e3]
V  [jvm.dll+0x24be68]
V  [jvm.dll+0xc23fb]
V  [jvm.dll+0xc275c]
V  [jvm.dll+0x112b26]
V  [jvm.dll+0x16f9c9]
V  [jvm.dll+0x1700c3]
V  [jvm.dll+0x12a9e5]
V  [jvm.dll+0x12a25f]
V  [jvm.dll+0x12a48f]
V  [jvm.dll+0x129737]
V  [jvm.dll+0x12b647]
V  [jvm.dll+0x213d67]
V  [jvm.dll+0x211f2b]
V  [jvm.dll+0x74ebf9]
V  [jvm.dll+0x747c64]
V  [jvm.dll+0x600b86]
C  [ucrtbase.dll+0x26c0c]
C  [KERNEL32.DLL+0x154e0]
C  [ntdll.dll+0x485b]


---------------  P R O C E S S  ---------------

Threads class SMR info:
_java_thread_list=0x0000023411a440e0, length=31, elements={
0x000002347d833800, 0x000002347d834800, 0x000002347e1d6000, 0x000002347e1d7000,
0x000002347e1de000, 0x000002347e1df000, 0x000002347d853000, 0x000002347e2fe800,
0x000002347e621800, 0x000002347e758000, 0x000002347e984000, 0x000002347ecda800,
0x000002347ec10000, 0x000002347e5bf800, 0x000002347eb36800, 0x000002347eb37000,
0x000002340fa39000, 0x000002340fa3c800, 0x000002340fa3a800, 0x000002340fa38800,
0x000002340fa3b800, 0x000002340fa3d000, 0x000002340fa3e000, 0x000002340fa3f000,
0x000002340fa3a000, 0x000002340faf9800, 0x000002340fafa000, 0x000002340fafb000,
0x000002340faf7800, 0x000002340faf7000, 0x000002340faf5800
}

Java Threads: ( => current thread )
  0x000002347d833800 JavaThread "Reference Handler" daemon [_thread_blocked, id=20168, stack(0x000000fc77300000,0x000000fc77400000)]
  0x000002347d834800 JavaThread "Finalizer" daemon [_thread_blocked, id=2420, stack(0x000000fc77400000,0x000000fc77500000)]
  0x000002347e1d6000 JavaThread "Signal Dispatcher" daemon [_thread_blocked, id=18676, stack(0x000000fc77500000,0x000000fc77600000)]
  0x000002347e1d7000 JavaThread "Attach Listener" daemon [_thread_blocked, id=18488, stack(0x000000fc77600000,0x000000fc77700000)]
  0x000002347e1de000 JavaThread "Service Thread" daemon [_thread_blocked, id=10284, stack(0x000000fc77700000,0x000000fc77800000)]
=>0x000002347e1df000 JavaThread "C1 CompilerThread0" daemon [_thread_in_native, id=14288, stack(0x000000fc77800000,0x000000fc77900000)]
  0x000002347d853000 JavaThread "Sweeper thread" daemon [_thread_blocked, id=11344, stack(0x000000fc77900000,0x000000fc77a00000)]
  0x000002347e2fe800 JavaThread "Common-Cleaner" daemon [_thread_blocked, id=15948, stack(0x000000fc77a00000,0x000000fc77b00000)]
  0x000002347e621800 JavaThread "Monitor Ctrl-Break" daemon [_thread_in_native, id=13912, stack(0x000000fc77b00000,0x000000fc77c00000)]
  0x000002347e758000 JavaThread "RMI TCP Accept-0" daemon [_thread_in_native, id=20296, stack(0x000000fc77c00000,0x000000fc77d00000)]
  0x000002347e984000 JavaThread "RMI TCP Connection(4)-192.168.35.137" daemon [_thread_in_native, id=2352, stack(0x000000fc78000000,0x000000fc78100000)]
  0x000002347ecda800 JavaThread "RMI Scheduler(0)" daemon [_thread_blocked, id=14812, stack(0x000000fc78100000,0x000000fc78200000)]
  0x000002347ec10000 JavaThread "HikariPool-1 housekeeper" daemon [_thread_blocked, id=19128, stack(0x000000fc78200000,0x000000fc78300000)]
  0x000002347e5bf800 JavaThread "Catalina-utility-1" [_thread_blocked, id=17420, stack(0x000000fc78600000,0x000000fc78700000)]
  0x000002347eb36800 JavaThread "Catalina-utility-2" [_thread_blocked, id=2324, stack(0x000000fc78700000,0x000000fc78800000)]
  0x000002347eb37000 JavaThread "container-0" [_thread_blocked, id=6728, stack(0x000000fc78800000,0x000000fc78900000)]
  0x000002340fa39000 JavaThread "http-nio-8189-exec-1" daemon [_thread_blocked, id=10072, stack(0x000000fc78500000,0x000000fc78600000)]
  0x000002340fa3c800 JavaThread "http-nio-8189-exec-2" daemon [_thread_blocked, id=3960, stack(0x000000fc78d00000,0x000000fc78e00000)]
  0x000002340fa3a800 JavaThread "http-nio-8189-exec-3" daemon [_thread_blocked, id=14416, stack(0x000000fc78e00000,0x000000fc78f00000)]
  0x000002340fa38800 JavaThread "http-nio-8189-exec-4" daemon [_thread_blocked, id=19204, stack(0x000000fc78f00000,0x000000fc79000000)]
  0x000002340fa3b800 JavaThread "http-nio-8189-exec-5" daemon [_thread_in_native_trans, id=2140, stack(0x000000fc79000000,0x000000fc79100000)]
  0x000002340fa3d000 JavaThread "http-nio-8189-exec-6" daemon [_thread_blocked, id=17604, stack(0x000000fc79100000,0x000000fc79200000)]
  0x000002340fa3e000 JavaThread "http-nio-8189-exec-7" daemon [_thread_blocked, id=8636, stack(0x000000fc79200000,0x000000fc79300000)]
  0x000002340fa3f000 JavaThread "http-nio-8189-exec-8" daemon [_thread_blocked, id=14380, stack(0x000000fc79300000,0x000000fc79400000)]
  0x000002340fa3a000 JavaThread "http-nio-8189-exec-9" daemon [_thread_blocked, id=19612, stack(0x000000fc79400000,0x000000fc79500000)]
  0x000002340faf9800 JavaThread "http-nio-8189-exec-10" daemon [_thread_blocked, id=15112, stack(0x000000fc79500000,0x000000fc79600000)]
  0x000002340fafa000 JavaThread "http-nio-8189-Poller" daemon [_thread_in_native, id=19904, stack(0x000000fc79600000,0x000000fc79700000)]
  0x000002340fafb000 JavaThread "http-nio-8189-Acceptor" daemon [_thread_in_native, id=13708, stack(0x000000fc79700000,0x000000fc79800000)]
  0x000002340faf7800 JavaThread "DestroyJavaVM" [_thread_blocked, id=12300, stack(0x000000fc76c00000,0x000000fc76d00000)]
  0x000002340faf7000 JavaThread "RMI TCP Connection(idle)" daemon [_thread_blocked, id=9928, stack(0x000000fc79800000,0x000000fc79900000)]
  0x000002340faf5800 JavaThread "RMI TCP Connection(idle)" daemon [_thread_blocked, id=15608, stack(0x000000fc79900000,0x000000fc79a00000)]

Other Threads:
  0x000002347d808800 VMThread "VM Thread" [stack: 0x000000fc77200000,0x000000fc77300000] [id=17368]
  0x000002347e80b000 WatcherThread [stack: 0x000000fc77d00000,0x000000fc77e00000] [id=12868]
  0x000002346d83f000 GCTaskThread "GC Thread#0" [stack: 0x000000fc76d00000,0x000000fc76e00000] [id=12028]
  0x000002347e8c0000 GCTaskThread "GC Thread#1" [stack: 0x000000fc77e00000,0x000000fc77f00000] [id=16620]
  0x000002347ec47800 GCTaskThread "GC Thread#2" [stack: 0x000000fc77f00000,0x000000fc78000000] [id=11544]
  0x000002340f0fd000 GCTaskThread "GC Thread#3" [stack: 0x000000fc78300000,0x000000fc78400000] [id=10292]
  0x000002340fd2a800 GCTaskThread "GC Thread#4" [stack: 0x000000fc78900000,0x000000fc78a00000] [id=17084]
  0x000002347eb58000 GCTaskThread "GC Thread#5" [stack: 0x000000fc78a00000,0x000000fc78b00000] [id=20432]
  0x000002347e29a000 GCTaskThread "GC Thread#6" [stack: 0x000000fc78b00000,0x000000fc78c00000] [id=15524]
  0x000002340fc28800 GCTaskThread "GC Thread#7" [stack: 0x000000fc78c00000,0x000000fc78d00000] [id=14632]
  0x000002346d872000 ConcurrentGCThread "G1 Main Marker" [stack: 0x000000fc76e00000,0x000000fc76f00000] [id=14312]
  0x000002346d873800 ConcurrentGCThread "G1 Conc#0" [stack: 0x000000fc76f00000,0x000000fc77000000] [id=10328]
  0x000002340f0f0000 ConcurrentGCThread "G1 Conc#1" [stack: 0x000000fc78400000,0x000000fc78500000] [id=8540]
  0x000002346d8fe800 ConcurrentGCThread "G1 Refine#0" [stack: 0x000000fc77000000,0x000000fc77100000] [id=15416]
  0x000002347d676800 ConcurrentGCThread "G1 Young RemSet Sampling" [stack: 0x000000fc77100000,0x000000fc77200000] [id=20148]

Threads with active compile tasks:
C1 CompilerThread0  15861 6230   !   1       org.apache.catalina.core.StandardWrapperValve::invoke (2665 bytes)

VM state:not at safepoint (normal execution)

VM Mutex/Monitor currently owned by a thread: None

Heap address: 0x0000000081600000, size: 2026 MB, Compressed Oops mode: 32-bit
Narrow klass base: 0x0000000000000000, Narrow klass shift: 3
Compressed class space size: 1073741824 Address: 0x0000000100000000

Heap:
 garbage-first heap   total 157696K, used 74312K [0x0000000081600000, 0x0000000100000000)
  region size 1024K, 60 young (61440K), 9 survivors (9216K)
 Metaspace       used 61705K, capacity 63762K, committed 63872K, reserved 1103872K
  class space    used 7946K, capacity 8762K, committed 8832K, reserved 1048576K
Heap Regions: E=young(eden), S=young(survivor), O=old, HS=humongous(starts), HC=humongous(continues), CS=collection set, F=free, A=archive, TAMS=top-at-mark-start (previous, next)
|   0|0x0000000081600000, 0x0000000081700000, 0x0000000081700000|100%|HS|  |TAMS 0x0000000081700000, 0x0000000081600000| Complete 
|   1|0x0000000081700000, 0x0000000081800000, 0x0000000081800000|100%| O|  |TAMS 0x0000000081800000, 0x0000000081700000| Untracked 
|   2|0x0000000081800000, 0x0000000081900000, 0x0000000081900000|100%| O|  |TAMS 0x0000000081900000, 0x0000000081800000| Untracked 
|   3|0x0000000081900000, 0x0000000081a00000, 0x0000000081a00000|100%| O|  |TAMS 0x0000000081a00000, 0x0000000081900000| Untracked 
|   4|0x0000000081a00000, 0x0000000081b00000, 0x0000000081b00000|100%| O|  |TAMS 0x0000000081b00000, 0x0000000081a00000| Untracked 
|   5|0x0000000081b00000, 0x0000000081c00000, 0x0000000081c00000|100%| O|  |TAMS 0x0000000081c00000, 0x0000000081b00000| Untracked 
|   6|0x0000000081c00000, 0x0000000081d00000, 0x0000000081d00000|100%| O|  |TAMS 0x0000000081d00000, 0x0000000081c00000| Untracked 
|   7|0x0000000081d00000, 0x0000000081e00000, 0x0000000081e00000|100%| O|  |TAMS 0x0000000081e00000, 0x0000000081d00000| Untracked 
|   8|0x0000000081e00000, 0x0000000081f00000, 0x0000000081f00000|100%| O|  |TAMS 0x0000000081f00000, 0x0000000081e00000| Untracked 
|   9|0x0000000081f00000, 0x0000000082000000, 0x0000000082000000|100%| O|  |TAMS 0x0000000082000000, 0x0000000081f00000| Untracked 
|  10|0x0000000082000000, 0x0000000082100000, 0x0000000082100000|100%| O|  |TAMS 0x0000000082100000, 0x0000000082000000| Untracked 
|  11|0x0000000082100000, 0x0000000082200000, 0x0000000082200000|100%| O|  |TAMS 0x0000000082200000, 0x0000000082100000| Untracked 
|  12|0x0000000082200000, 0x0000000082300000, 0x0000000082300000|100%| O|  |TAMS 0x0000000082300000, 0x0000000082200000| Untracked 
|  13|0x0000000082300000, 0x0000000082400000, 0x0000000082400000|100%| O|  |TAMS 0x0000000082400000, 0x0000000082300000| Untracked 
|  14|0x0000000082400000, 0x0000000082434a00, 0x0000000082500000| 20%| O|  |TAMS 0x0000000082434a00, 0x0000000082400000| Untracked 
|  15|0x0000000082500000, 0x0000000082500000, 0x0000000082600000|  0%| F|  |TAMS 0x0000000082500000, 0x0000000082500000| Untracked 
|  16|0x0000000082600000, 0x0000000082600000, 0x0000000082700000|  0%| F|  |TAMS 0x0000000082600000, 0x0000000082600000| Untracked 
|  17|0x0000000082700000, 0x0000000082700000, 0x0000000082800000|  0%| F|  |TAMS 0x0000000082700000, 0x0000000082700000| Untracked 
|  18|0x0000000082800000, 0x0000000082800000, 0x0000000082900000|  0%| F|  |TAMS 0x0000000082800000, 0x0000000082800000| Untracked 
|  19|0x0000000082900000, 0x0000000082900000, 0x0000000082a00000|  0%| F|  |TAMS 0x0000000082900000, 0x0000000082900000| Untracked 
|  20|0x0000000082a00000, 0x0000000082a00000, 0x0000000082b00000|  0%| F|  |TAMS 0x0000000082a00000, 0x0000000082a00000| Untracked 
|  21|0x0000000082b00000, 0x0000000082b00000, 0x0000000082c00000|  0%| F|  |TAMS 0x0000000082b00000, 0x0000000082b00000| Untracked 
|  22|0x0000000082c00000, 0x0000000082c00000, 0x0000000082d00000|  0%| F|  |TAMS 0x0000000082c00000, 0x0000000082c00000| Untracked 
|  23|0x0000000082d00000, 0x0000000082d00000, 0x0000000082e00000|  0%| F|  |TAMS 0x0000000082d00000, 0x0000000082d00000| Untracked 
|  24|0x0000000082e00000, 0x0000000082e00000, 0x0000000082f00000|  0%| F|  |TAMS 0x0000000082e00000, 0x0000000082e00000| Untracked 
|  25|0x0000000082f00000, 0x0000000082f00000, 0x0000000083000000|  0%| F|  |TAMS 0x0000000082f00000, 0x0000000082f00000| Untracked 
|  26|0x0000000083000000, 0x0000000083000000, 0x0000000083100000|  0%| F|  |TAMS 0x0000000083000000, 0x0000000083000000| Untracked 
|  27|0x0000000083100000, 0x0000000083100000, 0x0000000083200000|  0%| F|  |TAMS 0x0000000083100000, 0x0000000083100000| Untracked 
|  28|0x0000000083200000, 0x0000000083200000, 0x0000000083300000|  0%| F|  |TAMS 0x0000000083200000, 0x0000000083200000| Untracked 
|  29|0x0000000083300000, 0x0000000083300000, 0x0000000083400000|  0%| F|  |TAMS 0x0000000083300000, 0x0000000083300000| Untracked 
|  30|0x0000000083400000, 0x0000000083400000, 0x0000000083500000|  0%| F|  |TAMS 0x0000000083400000, 0x0000000083400000| Untracked 
|  31|0x0000000083500000, 0x0000000083500000, 0x0000000083600000|  0%| F|  |TAMS 0x0000000083500000, 0x0000000083500000| Untracked 
|  32|0x0000000083600000, 0x0000000083600000, 0x0000000083700000|  0%| F|  |TAMS 0x0000000083600000, 0x0000000083600000| Untracked 
|  33|0x0000000083700000, 0x0000000083700000, 0x0000000083800000|  0%| F|  |TAMS 0x0000000083700000, 0x0000000083700000| Untracked 
|  34|0x0000000083800000, 0x0000000083800000, 0x0000000083900000|  0%| F|  |TAMS 0x0000000083800000, 0x0000000083800000| Untracked 
|  35|0x0000000083900000, 0x0000000083900000, 0x0000000083a00000|  0%| F|  |TAMS 0x0000000083900000, 0x0000000083900000| Untracked 
|  36|0x0000000083a00000, 0x0000000083a00000, 0x0000000083b00000|  0%| F|  |TAMS 0x0000000083a00000, 0x0000000083a00000| Untracked 
|  37|0x0000000083b00000, 0x0000000083b00000, 0x0000000083c00000|  0%| F|  |TAMS 0x0000000083b00000, 0x0000000083b00000| Untracked 
|  38|0x0000000083c00000, 0x0000000083c00000, 0x0000000083d00000|  0%| F|  |TAMS 0x0000000083c00000, 0x0000000083c00000| Untracked 
|  39|0x0000000083d00000, 0x0000000083d00000, 0x0000000083e00000|  0%| F|  |TAMS 0x0000000083d00000, 0x0000000083d00000| Untracked 
|  40|0x0000000083e00000, 0x0000000083e00000, 0x0000000083f00000|  0%| F|  |TAMS 0x0000000083e00000, 0x0000000083e00000| Untracked 
|  41|0x0000000083f00000, 0x0000000083f00000, 0x0000000084000000|  0%| F|  |TAMS 0x0000000083f00000, 0x0000000083f00000| Untracked 
|  42|0x0000000084000000, 0x0000000084000000, 0x0000000084100000|  0%| F|  |TAMS 0x0000000084000000, 0x0000000084000000| Untracked 
|  43|0x0000000084100000, 0x0000000084100000, 0x0000000084200000|  0%| F|  |TAMS 0x0000000084100000, 0x0000000084100000| Untracked 
|  44|0x0000000084200000, 0x0000000084200000, 0x0000000084300000|  0%| F|  |TAMS 0x0000000084200000, 0x0000000084200000| Untracked 
|  45|0x0000000084300000, 0x0000000084300000, 0x0000000084400000|  0%| F|  |TAMS 0x0000000084300000, 0x0000000084300000| Untracked 
|  46|0x0000000084400000, 0x0000000084400000, 0x0000000084500000|  0%| F|  |TAMS 0x0000000084400000, 0x0000000084400000| Untracked 
|  47|0x0000000084500000, 0x0000000084500000, 0x0000000084600000|  0%| F|  |TAMS 0x0000000084500000, 0x0000000084500000| Untracked 
|  48|0x0000000084600000, 0x0000000084600000, 0x0000000084700000|  0%| F|  |TAMS 0x0000000084600000, 0x0000000084600000| Untracked 
|  49|0x0000000084700000, 0x0000000084700000, 0x0000000084800000|  0%| F|  |TAMS 0x0000000084700000, 0x0000000084700000| Untracked 
|  50|0x0000000084800000, 0x0000000084800000, 0x0000000084900000|  0%| F|  |TAMS 0x0000000084800000, 0x0000000084800000| Untracked 
|  51|0x0000000084900000, 0x0000000084900000, 0x0000000084a00000|  0%| F|  |TAMS 0x0000000084900000, 0x0000000084900000| Untracked 
|  52|0x0000000084a00000, 0x0000000084a00000, 0x0000000084b00000|  0%| F|  |TAMS 0x0000000084a00000, 0x0000000084a00000| Untracked 
|  53|0x0000000084b00000, 0x0000000084b00000, 0x0000000084c00000|  0%| F|  |TAMS 0x0000000084b00000, 0x0000000084b00000| Untracked 
|  54|0x0000000084c00000, 0x0000000084c00000, 0x0000000084d00000|  0%| F|  |TAMS 0x0000000084c00000, 0x0000000084c00000| Untracked 
|  55|0x0000000084d00000, 0x0000000084d00000, 0x0000000084e00000|  0%| F|  |TAMS 0x0000000084d00000, 0x0000000084d00000| Untracked 
|  56|0x0000000084e00000, 0x0000000084e00000, 0x0000000084f00000|  0%| F|  |TAMS 0x0000000084e00000, 0x0000000084e00000| Untracked 
|  57|0x0000000084f00000, 0x0000000084f00000, 0x0000000085000000|  0%| F|  |TAMS 0x0000000084f00000, 0x0000000084f00000| Untracked 
|  58|0x0000000085000000, 0x0000000085000000, 0x0000000085100000|  0%| F|  |TAMS 0x0000000085000000, 0x0000000085000000| Untracked 
|  59|0x0000000085100000, 0x0000000085100000, 0x0000000085200000|  0%| F|  |TAMS 0x0000000085100000, 0x0000000085100000| Untracked 
|  60|0x0000000085200000, 0x0000000085200000, 0x0000000085300000|  0%| F|  |TAMS 0x0000000085200000, 0x0000000085200000| Untracked 
|  61|0x0000000085300000, 0x0000000085300000, 0x0000000085400000|  0%| F|  |TAMS 0x0000000085300000, 0x0000000085300000| Untracked 
|  62|0x0000000085400000, 0x0000000085400000, 0x0000000085500000|  0%| F|  |TAMS 0x0000000085400000, 0x0000000085400000| Untracked 
|  63|0x0000000085500000, 0x0000000085500000, 0x0000000085600000|  0%| F|  |TAMS 0x0000000085500000, 0x0000000085500000| Untracked 
|  64|0x0000000085600000, 0x0000000085600000, 0x0000000085700000|  0%| F|  |TAMS 0x0000000085600000, 0x0000000085600000| Untracked 
|  65|0x0000000085700000, 0x0000000085700000, 0x0000000085800000|  0%| F|  |TAMS 0x0000000085700000, 0x0000000085700000| Untracked 
|  66|0x0000000085800000, 0x0000000085800000, 0x0000000085900000|  0%| F|  |TAMS 0x0000000085800000, 0x0000000085800000| Untracked 
|  67|0x0000000085900000, 0x0000000085900000, 0x0000000085a00000|  0%| F|  |TAMS 0x0000000085900000, 0x0000000085900000| Untracked 
|  68|0x0000000085a00000, 0x0000000085a00000, 0x0000000085b00000|  0%| F|  |TAMS 0x0000000085a00000, 0x0000000085a00000| Untracked 
|  69|0x0000000085b00000, 0x0000000085b5d650, 0x0000000085c00000| 36%| S|CS|TAMS 0x0000000085b00000, 0x0000000085b00000| Complete 
|  70|0x0000000085c00000, 0x0000000085d00000, 0x0000000085d00000|100%| S|CS|TAMS 0x0000000085c00000, 0x0000000085c00000| Complete 
|  71|0x0000000085d00000, 0x0000000085e00000, 0x0000000085e00000|100%| S|CS|TAMS 0x0000000085d00000, 0x0000000085d00000| Complete 
|  72|0x0000000085e00000, 0x0000000085f00000, 0x0000000085f00000|100%| S|CS|TAMS 0x0000000085e00000, 0x0000000085e00000| Complete 
|  73|0x0000000085f00000, 0x0000000086000000, 0x0000000086000000|100%| S|CS|TAMS 0x0000000085f00000, 0x0000000085f00000| Complete 
|  74|0x0000000086000000, 0x0000000086100000, 0x0000000086100000|100%| S|CS|TAMS 0x0000000086000000, 0x0000000086000000| Complete 
|  75|0x0000000086100000, 0x0000000086200000, 0x0000000086200000|100%| S|CS|TAMS 0x0000000086100000, 0x0000000086100000| Complete 
|  76|0x0000000086200000, 0x0000000086300000, 0x0000000086300000|100%| S|CS|TAMS 0x0000000086200000, 0x0000000086200000| Complete 
|  77|0x0000000086300000, 0x0000000086400000, 0x0000000086400000|100%| S|CS|TAMS 0x0000000086300000, 0x0000000086300000| Complete 
|  78|0x0000000086400000, 0x0000000086400000, 0x0000000086500000|  0%| F|  |TAMS 0x0000000086400000, 0x0000000086400000| Untracked 
|  79|0x0000000086500000, 0x0000000086500000, 0x0000000086600000|  0%| F|  |TAMS 0x0000000086500000, 0x0000000086500000| Untracked 
|  80|0x0000000086600000, 0x0000000086600000, 0x0000000086700000|  0%| F|  |TAMS 0x0000000086600000, 0x0000000086600000| Untracked 
|  81|0x0000000086700000, 0x0000000086700000, 0x0000000086800000|  0%| F|  |TAMS 0x0000000086700000, 0x0000000086700000| Untracked 
|  82|0x0000000086800000, 0x0000000086800000, 0x0000000086900000|  0%| F|  |TAMS 0x0000000086800000, 0x0000000086800000| Untracked 
|  83|0x0000000086900000, 0x0000000086900000, 0x0000000086a00000|  0%| F|  |TAMS 0x0000000086900000, 0x0000000086900000| Untracked 
|  84|0x0000000086a00000, 0x0000000086a00000, 0x0000000086b00000|  0%| F|  |TAMS 0x0000000086a00000, 0x0000000086a00000| Untracked 
|  85|0x0000000086b00000, 0x0000000086b00000, 0x0000000086c00000|  0%| F|  |TAMS 0x0000000086b00000, 0x0000000086b00000| Untracked 
|  86|0x0000000086c00000, 0x0000000086c00000, 0x0000000086d00000|  0%| F|  |TAMS 0x0000000086c00000, 0x0000000086c00000| Untracked 
|  87|0x0000000086d00000, 0x0000000086d00000, 0x0000000086e00000|  0%| F|  |TAMS 0x0000000086d00000, 0x0000000086d00000| Untracked 
|  88|0x0000000086e00000, 0x0000000086e00000, 0x0000000086f00000|  0%| F|  |TAMS 0x0000000086e00000, 0x0000000086e00000| Untracked 
|  89|0x0000000086f00000, 0x0000000086f00000, 0x0000000087000000|  0%| F|  |TAMS 0x0000000086f00000, 0x0000000086f00000| Untracked 
|  90|0x0000000087000000, 0x0000000087000000, 0x0000000087100000|  0%| F|  |TAMS 0x0000000087000000, 0x0000000087000000| Untracked 
|  91|0x0000000087100000, 0x0000000087100000, 0x0000000087200000|  0%| F|  |TAMS 0x0000000087100000, 0x0000000087100000| Untracked 
|  92|0x0000000087200000, 0x0000000087200000, 0x0000000087300000|  0%| F|  |TAMS 0x0000000087200000, 0x0000000087200000| Untracked 
|  93|0x0000000087300000, 0x0000000087300000, 0x0000000087400000|  0%| F|  |TAMS 0x0000000087300000, 0x0000000087300000| Untracked 
|  94|0x0000000087400000, 0x0000000087400000, 0x0000000087500000|  0%| F|  |TAMS 0x0000000087400000, 0x0000000087400000| Untracked 
|  95|0x0000000087500000, 0x0000000087500000, 0x0000000087600000|  0%| F|  |TAMS 0x0000000087500000, 0x0000000087500000| Untracked 
|  96|0x0000000087600000, 0x0000000087600000, 0x0000000087700000|  0%| F|  |TAMS 0x0000000087600000, 0x0000000087600000| Untracked 
|  97|0x0000000087700000, 0x0000000087700000, 0x0000000087800000|  0%| F|  |TAMS 0x0000000087700000, 0x0000000087700000| Untracked 
|  98|0x0000000087800000, 0x0000000087800000, 0x0000000087900000|  0%| F|  |TAMS 0x0000000087800000, 0x0000000087800000| Untracked 
|  99|0x0000000087900000, 0x0000000087900000, 0x0000000087a00000|  0%| F|  |TAMS 0x0000000087900000, 0x0000000087900000| Untracked 
| 100|0x0000000087a00000, 0x0000000087a00000, 0x0000000087b00000|  0%| F|  |TAMS 0x0000000087a00000, 0x0000000087a00000| Untracked 
| 101|0x0000000087b00000, 0x0000000087b00000, 0x0000000087c00000|  0%| F|  |TAMS 0x0000000087b00000, 0x0000000087b00000| Untracked 
| 102|0x0000000087c00000, 0x0000000087c00000, 0x0000000087d00000|  0%| F|  |TAMS 0x0000000087c00000, 0x0000000087c00000| Untracked 
| 103|0x0000000087d00000, 0x0000000087dcfdf0, 0x0000000087e00000| 81%| E|  |TAMS 0x0000000087d00000, 0x0000000087d00000| Complete 
| 104|0x0000000087e00000, 0x0000000087f00000, 0x0000000087f00000|100%| E|CS|TAMS 0x0000000087e00000, 0x0000000087e00000| Complete 
| 105|0x0000000087f00000, 0x0000000088000000, 0x0000000088000000|100%| E|CS|TAMS 0x0000000087f00000, 0x0000000087f00000| Complete 
| 106|0x0000000088000000, 0x0000000088100000, 0x0000000088100000|100%| E|CS|TAMS 0x0000000088000000, 0x0000000088000000| Complete 
| 107|0x0000000088100000, 0x0000000088200000, 0x0000000088200000|100%| E|CS|TAMS 0x0000000088100000, 0x0000000088100000| Complete 
| 108|0x0000000088200000, 0x0000000088300000, 0x0000000088300000|100%| E|CS|TAMS 0x0000000088200000, 0x0000000088200000| Complete 
| 109|0x0000000088300000, 0x0000000088400000, 0x0000000088400000|100%| E|CS|TAMS 0x0000000088300000, 0x0000000088300000| Complete 
| 110|0x0000000088400000, 0x0000000088500000, 0x0000000088500000|100%| E|CS|TAMS 0x0000000088400000, 0x0000000088400000| Complete 
| 111|0x0000000088500000, 0x0000000088600000, 0x0000000088600000|100%| E|CS|TAMS 0x0000000088500000, 0x0000000088500000| Complete 
| 112|0x0000000088600000, 0x0000000088700000, 0x0000000088700000|100%| E|CS|TAMS 0x0000000088600000, 0x0000000088600000| Complete 
| 113|0x0000000088700000, 0x0000000088800000, 0x0000000088800000|100%| E|CS|TAMS 0x0000000088700000, 0x0000000088700000| Complete 
| 114|0x0000000088800000, 0x0000000088900000, 0x0000000088900000|100%| E|CS|TAMS 0x0000000088800000, 0x0000000088800000| Complete 
| 115|0x0000000088900000, 0x0000000088a00000, 0x0000000088a00000|100%| E|CS|TAMS 0x0000000088900000, 0x0000000088900000| Complete 
| 116|0x0000000088a00000, 0x0000000088b00000, 0x0000000088b00000|100%| E|CS|TAMS 0x0000000088a00000, 0x0000000088a00000| Complete 
| 117|0x0000000088b00000, 0x0000000088c00000, 0x0000000088c00000|100%| E|CS|TAMS 0x0000000088b00000, 0x0000000088b00000| Complete 
| 118|0x0000000088c00000, 0x0000000088d00000, 0x0000000088d00000|100%| E|CS|TAMS 0x0000000088c00000, 0x0000000088c00000| Complete 
| 119|0x0000000088d00000, 0x0000000088e00000, 0x0000000088e00000|100%| E|CS|TAMS 0x0000000088d00000, 0x0000000088d00000| Complete 
| 120|0x0000000088e00000, 0x0000000088f00000, 0x0000000088f00000|100%| E|CS|TAMS 0x0000000088e00000, 0x0000000088e00000| Complete 
| 121|0x0000000088f00000, 0x0000000089000000, 0x0000000089000000|100%| E|CS|TAMS 0x0000000088f00000, 0x0000000088f00000| Complete 
| 122|0x0000000089000000, 0x0000000089100000, 0x0000000089100000|100%| E|CS|TAMS 0x0000000089000000, 0x0000000089000000| Complete 
| 123|0x0000000089100000, 0x0000000089200000, 0x0000000089200000|100%| E|CS|TAMS 0x0000000089100000, 0x0000000089100000| Complete 
| 124|0x0000000089200000, 0x0000000089300000, 0x0000000089300000|100%| E|CS|TAMS 0x0000000089200000, 0x0000000089200000| Complete 
| 125|0x0000000089300000, 0x0000000089400000, 0x0000000089400000|100%| E|CS|TAMS 0x0000000089300000, 0x0000000089300000| Complete 
| 126|0x0000000089400000, 0x0000000089500000, 0x0000000089500000|100%| E|CS|TAMS 0x0000000089400000, 0x0000000089400000| Complete 
| 127|0x0000000089500000, 0x0000000089600000, 0x0000000089600000|100%| E|CS|TAMS 0x0000000089500000, 0x0000000089500000| Complete 
| 128|0x0000000089600000, 0x0000000089700000, 0x0000000089700000|100%| E|CS|TAMS 0x0000000089600000, 0x0000000089600000| Complete 
| 129|0x0000000089700000, 0x0000000089800000, 0x0000000089800000|100%| E|CS|TAMS 0x0000000089700000, 0x0000000089700000| Complete 
| 130|0x0000000089800000, 0x0000000089900000, 0x0000000089900000|100%| E|CS|TAMS 0x0000000089800000, 0x0000000089800000| Complete 
| 131|0x0000000089900000, 0x0000000089a00000, 0x0000000089a00000|100%| E|CS|TAMS 0x0000000089900000, 0x0000000089900000| Complete 
| 132|0x0000000089a00000, 0x0000000089b00000, 0x0000000089b00000|100%| E|CS|TAMS 0x0000000089a00000, 0x0000000089a00000| Complete 
| 133|0x0000000089b00000, 0x0000000089c00000, 0x0000000089c00000|100%| E|CS|TAMS 0x0000000089b00000, 0x0000000089b00000| Complete 
| 134|0x0000000089c00000, 0x0000000089d00000, 0x0000000089d00000|100%| E|CS|TAMS 0x0000000089c00000, 0x0000000089c00000| Complete 
| 135|0x0000000089d00000, 0x0000000089e00000, 0x0000000089e00000|100%| E|CS|TAMS 0x0000000089d00000, 0x0000000089d00000| Complete 
| 136|0x0000000089e00000, 0x0000000089f00000, 0x0000000089f00000|100%| E|CS|TAMS 0x0000000089e00000, 0x0000000089e00000| Complete 
| 137|0x0000000089f00000, 0x000000008a000000, 0x000000008a000000|100%| E|CS|TAMS 0x0000000089f00000, 0x0000000089f00000| Complete 
| 138|0x000000008a000000, 0x000000008a100000, 0x000000008a100000|100%| E|CS|TAMS 0x000000008a000000, 0x000000008a000000| Complete 
| 139|0x000000008a100000, 0x000000008a200000, 0x000000008a200000|100%| E|CS|TAMS 0x000000008a100000, 0x000000008a100000| Complete 
| 140|0x000000008a200000, 0x000000008a300000, 0x000000008a300000|100%| E|CS|TAMS 0x000000008a200000, 0x000000008a200000| Complete 
| 141|0x000000008a300000, 0x000000008a400000, 0x000000008a400000|100%| E|CS|TAMS 0x000000008a300000, 0x000000008a300000| Complete 
| 142|0x000000008a400000, 0x000000008a500000, 0x000000008a500000|100%| E|CS|TAMS 0x000000008a400000, 0x000000008a400000| Complete 
| 143|0x000000008a500000, 0x000000008a600000, 0x000000008a600000|100%| E|CS|TAMS 0x000000008a500000, 0x000000008a500000| Complete 
| 144|0x000000008a600000, 0x000000008a700000, 0x000000008a700000|100%| E|CS|TAMS 0x000000008a600000, 0x000000008a600000| Complete 
| 145|0x000000008a700000, 0x000000008a800000, 0x000000008a800000|100%| E|CS|TAMS 0x000000008a700000, 0x000000008a700000| Complete 
| 146|0x000000008a800000, 0x000000008a900000, 0x000000008a900000|100%| E|CS|TAMS 0x000000008a800000, 0x000000008a800000| Complete 
| 147|0x000000008a900000, 0x000000008aa00000, 0x000000008aa00000|100%| E|CS|TAMS 0x000000008a900000, 0x000000008a900000| Complete 
| 148|0x000000008aa00000, 0x000000008ab00000, 0x000000008ab00000|100%| E|CS|TAMS 0x000000008aa00000, 0x000000008aa00000| Complete 
| 149|0x000000008ab00000, 0x000000008ac00000, 0x000000008ac00000|100%| E|CS|TAMS 0x000000008ab00000, 0x000000008ab00000| Complete 
| 150|0x000000008ac00000, 0x000000008ad00000, 0x000000008ad00000|100%| E|CS|TAMS 0x000000008ac00000, 0x000000008ac00000| Complete 
| 151|0x000000008ad00000, 0x000000008ae00000, 0x000000008ae00000|100%| E|CS|TAMS 0x000000008ad00000, 0x000000008ad00000| Complete 
| 152|0x000000008ae00000, 0x000000008af00000, 0x000000008af00000|100%| E|CS|TAMS 0x000000008ae00000, 0x000000008ae00000| Complete 
| 153|0x000000008af00000, 0x000000008b000000, 0x000000008b000000|100%| E|CS|TAMS 0x000000008af00000, 0x000000008af00000| Complete 

Card table byte_map: [0x0000023476680000,0x0000023476a80000] _byte_map_base: 0x0000023476275000

Marking Bits (Prev, Next): (CMBitMap*) 0x000002346d8693b0, (CMBitMap*) 0x000002346d869378
 Prev Bits: [0x0000023478e30000, 0x000002347add8000)
 Next Bits: [0x0000023476e80000, 0x0000023478e28000)

Polling page: 0x000002346b840000

Metaspace:

Usage:
  Non-class:     53.71 MB capacity,    52.50 MB ( 98%) used,  1000.63 KB (  2%) free+waste,   240.25 KB ( <1%) overhead. 
      Class:      8.56 MB capacity,     7.76 MB ( 91%) used,   697.39 KB (  8%) free+waste,   117.88 KB (  1%) overhead. 
       Both:     62.27 MB capacity,    60.26 MB ( 97%) used,     1.66 MB (  3%) free+waste,   358.13 KB ( <1%) overhead. 

Virtual space:
  Non-class space:       54.00 MB reserved,      53.75 MB (>99%) committed 
      Class space:        1.00 GB reserved,       8.63 MB ( <1%) committed 
             Both:        1.05 GB reserved,      62.38 MB (  6%) committed 

Chunk freelists:
   Non-Class:  40.00 KB
       Class:  6.00 KB
        Both:  46.00 KB

MaxMetaspaceSize: 17179869184.00 GB
CompressedClassSpaceSize: 1.00 GB
Initial GC threshold: 20.80 MB
Current GC threshold: 98.46 MB
CDS: off

CodeHeap 'non-profiled nmethods': size=238336Kb used=9943Kb max_used=9943Kb free=228392Kb
 bounds [0x0000023400740000, 0x0000023401100000, 0x000002340f000000]
CodeHeap 'non-nmethods': size=7424Kb used=1320Kb max_used=1320Kb free=6103Kb
 bounds [0x0000023400000000, 0x0000023400270000, 0x0000023400740000]
 total_blobs=6870 nmethods=6244 adapters=553
 compilation: enabled
              stopped_count=0, restarted_count=0
 full_count=0

Compilation events (20 events):
Event: 15.737 Thread 0x000002347e1df000 nmethod 6296 0x00000234010efe10 code [0x00000234010f0100, 0x00000234010f0938]
Event: 15.738 Thread 0x000002347e1df000 6229       1       org.apache.catalina.core.StandardEngineValve::invoke (65 bytes)
Event: 15.744 Thread 0x000002347e1df000 nmethod 6229 0x00000234010f0d90 code [0x00000234010f0f80, 0x00000234010f12e8]
Event: 15.745 Thread 0x000002347e1df000 6262   !   1       org.apache.catalina.connector.Request::recycle (332 bytes)
Event: 15.749 Thread 0x000002347e1df000 nmethod 6262 0x00000234010f1610 code [0x00000234010f18c0, 0x00000234010f2518]
Event: 15.749 Thread 0x000002347e1df000 6237       1       org.springframework.web.filter.FormContentFilter::parseIfNecessary (31 bytes)
Event: 15.750 Thread 0x000002347e1df000 nmethod 6237 0x00000234010f2990 code [0x00000234010f2b60, 0x00000234010f2d08]
Event: 15.750 Thread 0x000002347e1df000 6244       1       org.springframework.web.servlet.DispatcherServlet::logRequest (15 bytes)
Event: 15.750 Thread 0x000002347e1df000 nmethod 6244 0x00000234010f2e10 code [0x00000234010f2fc0, 0x00000234010f31a8]
Event: 15.750 Thread 0x000002347e1df000 6246       1       org.springframework.web.servlet.DispatcherServlet::getThemeSource (22 bytes)
Event: 15.751 Thread 0x000002347e1df000 nmethod 6246 0x00000234010f3290 code [0x00000234010f3440, 0x00000234010f35b8]
Event: 15.751 Thread 0x000002347e1df000 6247       1       org.apache.catalina.connector.Request::getHttpServletMapping (8 bytes)
Event: 15.751 Thread 0x000002347e1df000 nmethod 6247 0x00000234010f3690 code [0x00000234010f3840, 0x00000234010f3928]
Event: 15.751 Thread 0x000002347e1df000 6248       1       org.springframework.http.server.DefaultRequestPath::validateContextPath (168 bytes)
Event: 15.755 Thread 0x000002347e1df000 nmethod 6248 0x00000234010f3a10 code [0x00000234010f3da0, 0x00000234010f4c78]
Event: 15.755 Thread 0x000002347e1df000 6245       1       org.springframework.web.servlet.DispatcherServlet$$Lambda$1216/0x000000010085f040::<init> (15 bytes)
Event: 15.755 Thread 0x000002347e1df000 nmethod 6245 0x00000234010f5510 code [0x00000234010f56c0, 0x00000234010f5818]
Event: 15.755 Thread 0x000002347e1df000 6266       1       org.springframework.web.servlet.DispatcherServlet$$Lambda$1216/0x000000010085f040::get$Lambda (10 bytes)
Event: 15.755 Thread 0x000002347e1df000 nmethod 6266 0x00000234010f5890 code [0x00000234010f5a40, 0x00000234010f5bd8]
Event: 15.755 Thread 0x000002347e1df000 6230   !   1       org.apache.catalina.core.StandardWrapperValve::invoke (2665 bytes)

GC Heap History (18 events):
Event: 2.269 GC heap before
{Heap before GC invocations=0 (full 0):
 garbage-first heap   total 131072K, used 25600K [0x0000000081600000, 0x0000000100000000)
  region size 1024K, 24 young (24576K), 0 survivors (0K)
 Metaspace       used 14073K, capacity 14497K, committed 14720K, reserved 1062912K
  class space    used 1472K, capacity 1622K, committed 1664K, reserved 1048576K
}
Event: 2.288 GC heap after
{Heap after GC invocations=1 (full 0):
 garbage-first heap   total 131072K, used 7005K [0x0000000081600000, 0x0000000100000000)
  region size 1024K, 3 young (3072K), 3 survivors (3072K)
 Metaspace       used 14073K, capacity 14497K, committed 14720K, reserved 1062912K
  class space    used 1472K, capacity 1622K, committed 1664K, reserved 1048576K
}
Event: 2.871 GC heap before
{Heap before GC invocations=1 (full 0):
 garbage-first heap   total 131072K, used 26461K [0x0000000081600000, 0x0000000100000000)
  region size 1024K, 22 young (22528K), 3 survivors (3072K)
 Metaspace       used 17855K, capacity 18515K, committed 18688K, reserved 1064960K
  class space    used 2014K, capacity 2260K, committed 2304K, reserved 1048576K
}
Event: 2.883 GC heap after
{Heap after GC invocations=2 (full 0):
 garbage-first heap   total 131072K, used 8362K [0x0000000081600000, 0x0000000100000000)
  region size 1024K, 2 young (2048K), 2 survivors (2048K)
 Metaspace       used 17855K, capacity 18515K, committed 18688K, reserved 1064960K
  class space    used 2014K, capacity 2260K, committed 2304K, reserved 1048576K
}
Event: 3.404 GC heap before
{Heap before GC invocations=2 (full 0):
 garbage-first heap   total 131072K, used 24746K [0x0000000081600000, 0x0000000100000000)
  region size 1024K, 20 young (20480K), 2 survivors (2048K)
 Metaspace       used 20397K, capacity 21062K, committed 21248K, reserved 1067008K
  class space    used 2403K, capacity 2690K, committed 2816K, reserved 1048576K
}
Event: 3.411 GC heap after
{Heap after GC invocations=3 (full 0):
 garbage-first heap   total 131072K, used 9012K [0x0000000081600000, 0x0000000100000000)
  region size 1024K, 2 young (2048K), 2 survivors (2048K)
 Metaspace       used 20397K, capacity 21062K, committed 21248K, reserved 1067008K
  class space    used 2403K, capacity 2690K, committed 2816K, reserved 1048576K
}
Event: 4.048 GC heap before
{Heap before GC invocations=4 (full 0):
 garbage-first heap   total 131072K, used 67380K [0x0000000081600000, 0x0000000100000000)
  region size 1024K, 60 young (61440K), 2 survivors (2048K)
 Metaspace       used 25159K, capacity 26020K, committed 26240K, reserved 1073152K
  class space    used 3017K, capacity 3348K, committed 3456K, reserved 1048576K
}
Event: 4.056 GC heap after
{Heap after GC invocations=5 (full 0):
 garbage-first heap   total 131072K, used 10526K [0x0000000081600000, 0x0000000100000000)
  region size 1024K, 4 young (4096K), 4 survivors (4096K)
 Metaspace       used 25159K, capacity 26020K, committed 26240K, reserved 1073152K
  class space    used 3017K, capacity 3348K, committed 3456K, reserved 1048576K
}
Event: 5.506 GC heap before
{Heap before GC invocations=5 (full 0):
 garbage-first heap   total 131072K, used 77086K [0x0000000081600000, 0x0000000100000000)
  region size 1024K, 70 young (71680K), 4 survivors (4096K)
 Metaspace       used 29119K, capacity 30153K, committed 30464K, reserved 1075200K
  class space    used 3582K, capacity 3975K, committed 4096K, reserved 1048576K
}
Event: 5.522 GC heap after
{Heap after GC invocations=6 (full 0):
 garbage-first heap   total 131072K, used 12417K [0x0000000081600000, 0x0000000100000000)
  region size 1024K, 6 young (6144K), 6 survivors (6144K)
 Metaspace       used 29119K, capacity 30153K, committed 30464K, reserved 1075200K
  class space    used 3582K, capacity 3975K, committed 4096K, reserved 1048576K
}
Event: 6.669 GC heap before
{Heap before GC invocations=6 (full 0):
 garbage-first heap   total 131072K, used 83073K [0x0000000081600000, 0x0000000100000000)
  region size 1024K, 76 young (77824K), 6 survivors (6144K)
 Metaspace       used 33612K, capacity 34866K, committed 34944K, reserved 1079296K
  class space    used 4184K, capacity 4691K, committed 4736K, reserved 1048576K
}
Event: 6.693 GC heap after
{Heap after GC invocations=7 (full 0):
 garbage-first heap   total 131072K, used 15256K [0x0000000081600000, 0x0000000100000000)
  region size 1024K, 7 young (7168K), 7 survivors (7168K)
 Metaspace       used 33612K, capacity 34866K, committed 34944K, reserved 1079296K
  class space    used 4184K, capacity 4691K, committed 4736K, reserved 1048576K
}
Event: 7.058 GC heap before
{Heap before GC invocations=7 (full 0):
 garbage-first heap   total 131072K, used 33688K [0x0000000081600000, 0x0000000100000000)
  region size 1024K, 27 young (27648K), 7 survivors (7168K)
 Metaspace       used 34555K, capacity 35791K, committed 35840K, reserved 1081344K
  class space    used 4316K, capacity 4849K, committed 4864K, reserved 1048576K
}
Event: 7.091 GC heap after
{Heap after GC invocations=8 (full 0):
 garbage-first heap   total 157696K, used 16095K [0x0000000081600000, 0x0000000100000000)
  region size 1024K, 6 young (6144K), 6 survivors (6144K)
 Metaspace       used 34555K, capacity 35791K, committed 35840K, reserved 1081344K
  class space    used 4316K, capacity 4849K, committed 4864K, reserved 1048576K
}
Event: 9.762 GC heap before
{Heap before GC invocations=9 (full 0):
 garbage-first heap   total 157696K, used 98015K [0x0000000081600000, 0x0000000100000000)
  region size 1024K, 86 young (88064K), 6 survivors (6144K)
 Metaspace       used 47873K, capacity 49451K, committed 49792K, reserved 1091584K
  class space    used 6058K, capacity 6698K, committed 6784K, reserved 1048576K
}
Event: 9.776 GC heap after
{Heap after GC invocations=10 (full 0):
 garbage-first heap   total 157696K, used 19167K [0x0000000081600000, 0x0000000100000000)
  region size 1024K, 9 young (9216K), 9 survivors (9216K)
 Metaspace       used 47873K, capacity 49451K, committed 49792K, reserved 1091584K
  class space    used 6058K, capacity 6698K, committed 6784K, reserved 1048576K
}
Event: 12.292 GC heap before
{Heap before GC invocations=10 (full 0):
 garbage-first heap   total 157696K, used 95967K [0x0000000081600000, 0x0000000100000000)
  region size 1024K, 85 young (87040K), 9 survivors (9216K)
 Metaspace       used 58071K, capacity 60005K, committed 60160K, reserved 1101824K
  class space    used 7526K, capacity 8289K, committed 8320K, reserved 1048576K
}
Event: 12.309 GC heap after
{Heap after GC invocations=11 (full 0):
 garbage-first heap   total 157696K, used 23112K [0x0000000081600000, 0x0000000100000000)
  region size 1024K, 9 young (9216K), 9 survivors (9216K)
 Metaspace       used 58071K, capacity 60005K, committed 60160K, reserved 1101824K
  class space    used 7526K, capacity 8289K, committed 8320K, reserved 1048576K
}

Deoptimization events (8 events):
Event: 5.163 Thread 0x000002346d827000 DEOPT PACKING pc=0x0000023400a3ea64 sp=0x000000fc76cfd700
Event: 5.163 Thread 0x000002346d827000 DEOPT UNPACKING pc=0x000002340004a95e sp=0x000000fc76cfcc68 mode 0
Event: 12.423 Thread 0x000002346d827000 DEOPT PACKING pc=0x0000023400a5afb7 sp=0x000000fc76cfdc10
Event: 12.423 Thread 0x000002346d827000 DEOPT UNPACKING pc=0x000002340004a95e sp=0x000000fc76cfd118 mode 3
Event: 12.424 Thread 0x000002346d827000 DEOPT PACKING pc=0x0000023400a58181 sp=0x000000fc76cfdbe0
Event: 12.424 Thread 0x000002346d827000 DEOPT UNPACKING pc=0x000002340004a95e sp=0x000000fc76cfd118 mode 3
Event: 13.366 Thread 0x000002340fa39000 DEOPT PACKING pc=0x00000234008b5a4c sp=0x000000fc785fc4a0
Event: 13.366 Thread 0x000002340fa39000 DEOPT UNPACKING pc=0x000002340004a95e sp=0x000000fc785fb9b8 mode 0

Classes redefined (0 events):
No events

Internal exceptions (20 events):
Event: 11.677 Thread 0x000002346d827000 Exception <a 'java/lang/NoSuchMethodError'{0x00000000879bded8}: 'java.lang.Object java.lang.invoke.DirectMethodHandle$Holder.invokeStatic(java.lang.Object, java.lang.Object, int, java.lang.Object)'> (0x00000000879bded8) thrown at [./src/hotspot/share/interpreter/linkResolver.cpp, line 773]
Event: 11.688 Thread 0x000002346d827000 Exception <a 'java/lang/IncompatibleClassChangeError'{0x00000000879f37c0}: Found class java.lang.Object, but interface was expected> (0x00000000879f37c0) thrown at [./src/hotspot/share/interpreter/linkResolver.cpp, line 839]
Event: 11.857 Thread 0x000002346d827000 Exception <a 'java/lang/ClassNotFoundException'{0x00000000874d3740}: java/lang/ObjectCustomizer> (0x00000000874d3740) thrown at [./src/hotspot/share/classfile/systemDictionary.cpp, line 231]
Event: 11.858 Thread 0x000002346d827000 Exception <a 'java/lang/ClassNotFoundException'{0x00000000874ec9f8}: org/springframework/web/servlet/config/annotation/WebMvcConfigurationSupportCustomizer> (0x00000000874ec9f8) thrown at [./src/hotspot/share/classfile/systemDictionary.cpp, line 231]
Event: 11.859 Thread 0x000002346d827000 Exception <a 'java/lang/ClassNotFoundException'{0x00000000873127f0}: org/springframework/web/servlet/config/annotation/DelegatingWebMvcConfigurationCustomizer> (0x00000000873127f0) thrown at [./src/hotspot/share/classfile/systemDictionary.cpp, line 231]
Event: 11.861 Thread 0x000002346d827000 Exception <a 'java/lang/ClassNotFoundException'{0x0000000087330258}: org/springframework/boot/autoconfigure/web/servlet/WebMvcAutoConfiguration$EnableWebMvcConfigurationCustomizer> (0x0000000087330258) thrown at [./src/hotspot/share/classfile/systemDictionary.cpp, line 231]
Event: 11.862 Thread 0x000002346d827000 Exception <a 'java/lang/ClassNotFoundException'{0x00000000873514a8}: org/springframework/context/ResourceLoaderAwareCustomizer> (0x00000000873514a8) thrown at [./src/hotspot/share/classfile/systemDictionary.cpp, line 231]
Event: 11.863 Thread 0x000002346d827000 Exception <a 'java/lang/ClassNotFoundException'{0x0000000087362e28}: org/springframework/beans/factory/AwareCustomizer> (0x0000000087362e28) thrown at [./src/hotspot/share/classfile/systemDictionary.cpp, line 231]
Event: 11.864 Thread 0x000002346d827000 Exception <a 'java/lang/ClassNotFoundException'{0x00000000873754c8}: org/springframework/context/ApplicationContextAwareCustomizer> (0x00000000873754c8) thrown at [./src/hotspot/share/classfile/systemDictionary.cpp, line 231]
Event: 11.865 Thread 0x000002346d827000 Exception <a 'java/lang/ClassNotFoundException'{0x0000000087387a40}: org/springframework/beans/factory/AwareCustomizer> (0x0000000087387a40) thrown at [./src/hotspot/share/classfile/systemDictionary.cpp, line 231]
Event: 11.866 Thread 0x000002346d827000 Exception <a 'java/lang/ClassNotFoundException'{0x000000008739a0b8}: org/springframework/web/context/ServletContextAwareCustomizer> (0x000000008739a0b8) thrown at [./src/hotspot/share/classfile/systemDictionary.cpp, line 231]
Event: 11.867 Thread 0x000002346d827000 Exception <a 'java/lang/ClassNotFoundException'{0x00000000873abea0}: org/springframework/beans/factory/AwareCustomizer> (0x00000000873abea0) thrown at [./src/hotspot/share/classfile/systemDictionary.cpp, line 231]
Event: 12.154 Thread 0x000002346d827000 Exception <a 'java/lang/NoSuchMethodError'{0x0000000086af5358}: 'void java.lang.invoke.DirectMethodHandle$Holder.invokeVirtual(java.lang.Object, java.lang.Object, int)'> (0x0000000086af5358) thrown at [./src/hotspot/share/interpreter/linkResolver.cpp, line 773]
Event: 12.158 Thread 0x000002346d827000 Exception <a 'java/lang/NoSuchMethodError'{0x000000008690f610}: 'void java.lang.invoke.DirectMethodHandle$Holder.invokeVirtual(java.lang.Object, java.lang.Object, long)'> (0x000000008690f610) thrown at [./src/hotspot/share/interpreter/linkResolver.cpp, line 773]
Event: 12.478 Thread 0x000002346d827000 Exception <a 'java/lang/IncompatibleClassChangeError'{0x000000008ab7a340}: Found class java.lang.Object, but interface was expected> (0x000000008ab7a340) thrown at [./src/hotspot/share/interpreter/linkResolver.cpp, line 839]
Event: 12.541 Thread 0x000002346d827000 Exception <a 'java/lang/NoSuchMethodError'{0x000000008a96b258}: 'int java.lang.invoke.DirectMethodHandle$Holder.invokeStaticInit(java.lang.Object, java.lang.Object, java.lang.Object, java.lang.Object)'> (0x000000008a96b258) thrown at [./src/hotspot/share/interpreter/linkResolver.cpp, line 773]
Event: 12.766 Thread 0x000002346d827000 Exception <a 'java/lang/NoSuchMethodError'{0x000000008a20c630}: 'java.lang.Object java.lang.invoke.DirectMethodHandle$Holder.invokeSpecial(java.lang.Object, java.lang.Object, int, java.lang.Object, int, java.lang.Object)'> (0x000000008a20c630) thrown at [./src/hotspot/share/interpreter/linkResolver.cpp, line 773]
Event: 12.767 Thread 0x000002346d827000 Exception <a 'java/lang/NoSuchMethodError'{0x000000008a213b18}: 'java.lang.Object java.lang.invoke.DirectMethodHandle$Holder.invokeStatic(java.lang.Object, java.lang.Object, int, java.lang.Object, int)'> (0x000000008a213b18) thrown at [./src/hotspot/share/interpreter/linkResolver.cpp, line 773]
Event: 12.768 Thread 0x000002346d827000 Exception <a 'java/lang/NoSuchMethodError'{0x000000008a2172f8}: 'java.lang.Object java.lang.invoke.DirectMethodHandle$Holder.invokeSpecial(java.lang.Object, java.lang.Object, java.lang.Object, int, java.lang.Object, int)'> (0x000000008a2172f8) thrown at [./src/hotspot/share/interpreter/linkResolver.cpp, line 773]
Event: 12.770 Thread 0x000002346d827000 Exception <a 'java/lang/NoSuchMethodError'{0x000000008a2232f8}: 'void java.lang.invoke.DirectMethodHandle$Holder.invokeVirtual(java.lang.Object, java.lang.Object)'> (0x000000008a2232f8) thrown at [./src/hotspot/share/interpreter/linkResolver.cpp, line 773]

Events (20 events):
Event: 14.894 loading class sun/net/ResourceManager
Event: 14.895 loading class sun/net/ResourceManager done
Event: 15.176 Executing VM operation: RevokeBias
Event: 15.176 Executing VM operation: RevokeBias done
Event: 15.176 Executing VM operation: RevokeBias
Event: 15.177 Executing VM operation: RevokeBias done
Event: 15.203 Executing VM operation: RevokeBias
Event: 15.203 Executing VM operation: RevokeBias done
Event: 15.209 Executing VM operation: RevokeBias
Event: 15.209 Executing VM operation: RevokeBias done
Event: 15.405 Executing VM operation: RevokeBias
Event: 15.405 Executing VM operation: RevokeBias done
Event: 15.501 Executing VM operation: RevokeBias
Event: 15.501 Executing VM operation: RevokeBias done
Event: 15.535 Executing VM operation: RevokeBias
Event: 15.535 Executing VM operation: RevokeBias done
Event: 15.535 Executing VM operation: RevokeBias
Event: 15.535 Executing VM operation: RevokeBias done
Event: 15.556 Executing VM operation: RevokeBias
Event: 15.557 Executing VM operation: RevokeBias done


Dynamic libraries:
0x00007ff66c550000 - 0x00007ff66c55d000 	C:\Program Files\BellSoft\LibericaJDK-11\bin\java.exe
0x00007ffeb3ca0000 - 0x00007ffeb3ea9000 	C:\WINDOWS\SYSTEM32\ntdll.dll
0x00007ffeb23e0000 - 0x00007ffeb249d000 	C:\WINDOWS\System32\KERNEL32.DLL
0x00007ffeb1360000 - 0x00007ffeb16d4000 	C:\WINDOWS\System32\KERNELBASE.dll
0x00007ffeb1190000 - 0x00007ffeb12a1000 	C:\WINDOWS\System32\ucrtbase.dll
0x00007ffe87770000 - 0x00007ffe87787000 	C:\Program Files\BellSoft\LibericaJDK-11\bin\jli.dll
0x00007ffeb24e0000 - 0x00007ffeb268c000 	C:\WINDOWS\System32\USER32.dll
0x00007ffeb12b0000 - 0x00007ffeb12d6000 	C:\WINDOWS\System32\win32u.dll
0x00007ffeb1e00000 - 0x00007ffeb1e29000 	C:\WINDOWS\System32\GDI32.dll
0x00007ffeb17a0000 - 0x00007ffeb18b2000 	C:\WINDOWS\System32\gdi32full.dll
0x00007ffe87790000 - 0x00007ffe877a5000 	C:\Program Files\BellSoft\LibericaJDK-11\bin\VCRUNTIME140.dll
0x00007ffeb1930000 - 0x00007ffeb19cd000 	C:\WINDOWS\System32\msvcp_win.dll
0x00007ffea1870000 - 0x00007ffea1b15000 	C:\WINDOWS\WinSxS\amd64_microsoft.windows.common-controls_6595b64144ccf1df_6.0.22000.120_none_9d947278b86cc467\COMCTL32.dll
0x00007ffeb1f90000 - 0x00007ffeb2033000 	C:\WINDOWS\System32\msvcrt.dll
0x00007ffeb1f50000 - 0x00007ffeb1f81000 	C:\WINDOWS\System32\IMM32.DLL
0x00007ffe83630000 - 0x00007ffe836cb000 	C:\Program Files\BellSoft\LibericaJDK-11\bin\msvcp140.dll
0x00007ffe5a380000 - 0x00007ffe5aeda000 	C:\Program Files\BellSoft\LibericaJDK-11\bin\server\jvm.dll
0x00007ffeb2860000 - 0x00007ffeb290e000 	C:\WINDOWS\System32\ADVAPI32.dll
0x00007ffeb2700000 - 0x00007ffeb279e000 	C:\WINDOWS\System32\sechost.dll
0x00007ffeb2930000 - 0x00007ffeb2a50000 	C:\WINDOWS\System32\RPCRT4.dll
0x00007ffeb2910000 - 0x00007ffeb2918000 	C:\WINDOWS\System32\PSAPI.DLL
0x00007ffe8ecd0000 - 0x00007ffe8ecd9000 	C:\WINDOWS\SYSTEM32\WSOCK32.dll
0x00007ffeaad00000 - 0x00007ffeaad33000 	C:\WINDOWS\SYSTEM32\WINMM.dll
0x00007ffeb2690000 - 0x00007ffeb26ff000 	C:\WINDOWS\System32\WS2_32.dll
0x00007ffea8e30000 - 0x00007ffea8e3a000 	C:\WINDOWS\SYSTEM32\VERSION.dll
0x00007ffeb0300000 - 0x00007ffeb0318000 	C:\WINDOWS\SYSTEM32\kernel.appcore.dll
0x00007ffeae320000 - 0x00007ffeae330000 	C:\Program Files\BellSoft\LibericaJDK-11\bin\verify.dll
0x00007ffe9d3e0000 - 0x00007ffe9d601000 	C:\WINDOWS\SYSTEM32\DBGHELP.DLL
0x00007ffe9d3a0000 - 0x00007ffe9d3d1000 	C:\WINDOWS\SYSTEM32\dbgcore.DLL
0x00007ffeb12e0000 - 0x00007ffeb135f000 	C:\WINDOWS\System32\bcryptPrimitives.dll
0x00007ffe83700000 - 0x00007ffe83728000 	C:\Program Files\BellSoft\LibericaJDK-11\bin\java.dll
0x00007ffead560000 - 0x00007ffead56a000 	C:\Program Files\BellSoft\LibericaJDK-11\bin\jimage.dll
0x00007ffead630000 - 0x00007ffead63e000 	C:\Program Files\BellSoft\LibericaJDK-11\bin\instrument.dll
0x00007ffe835c0000 - 0x00007ffe835d7000 	C:\Program Files\BellSoft\LibericaJDK-11\bin\zip.dll
0x00007ffeb3080000 - 0x00007ffeb382e000 	C:\WINDOWS\System32\SHELL32.dll
0x00007ffeaf300000 - 0x00007ffeafb68000 	C:\WINDOWS\SYSTEM32\windows.storage.dll
0x00007ffeb38e0000 - 0x00007ffeb3c58000 	C:\WINDOWS\System32\combase.dll
0x00007ffeaf190000 - 0x00007ffeaf2f6000 	C:\WINDOWS\SYSTEM32\wintypes.dll
0x00007ffeb2040000 - 0x00007ffeb212a000 	C:\WINDOWS\System32\SHCORE.dll
0x00007ffeb1bc0000 - 0x00007ffeb1c1d000 	C:\WINDOWS\System32\shlwapi.dll
0x00007ffeb10c0000 - 0x00007ffeb10e1000 	C:\WINDOWS\SYSTEM32\profapi.dll
0x00007ffe83560000 - 0x00007ffe83579000 	C:\Program Files\BellSoft\LibericaJDK-11\bin\net.dll
0x00007ffea9240000 - 0x00007ffea934c000 	C:\WINDOWS\SYSTEM32\WINHTTP.dll
0x00007ffeb0760000 - 0x00007ffeb07c7000 	C:\WINDOWS\system32\mswsock.dll
0x00007ffe83540000 - 0x00007ffe83552000 	C:\Program Files\BellSoft\LibericaJDK-11\bin\nio.dll
0x00007ffeab740000 - 0x00007ffeab75a000 	C:\Program Files\JetBrains\IntelliJ IDEA 2021.3.2\bin\breakgen64.dll
0x00007ffeafdf0000 - 0x00007ffeafed7000 	C:\WINDOWS\SYSTEM32\DNSAPI.dll
0x00007ffeafdc0000 - 0x00007ffeafded000 	C:\WINDOWS\SYSTEM32\IPHLPAPI.DLL
0x00007ffeb2920000 - 0x00007ffeb2929000 	C:\WINDOWS\System32\NSI.dll
0x00007ffe9d690000 - 0x00007ffe9d69a000 	C:\Windows\System32\rasadhlp.dll
0x00007ffea5ee0000 - 0x00007ffea5f61000 	C:\WINDOWS\System32\fwpuclnt.dll
0x00007ffe9ca70000 - 0x00007ffe9ca79000 	C:\Program Files\BellSoft\LibericaJDK-11\bin\management.dll
0x00007ffe9c7a0000 - 0x00007ffe9c7ab000 	C:\Program Files\BellSoft\LibericaJDK-11\bin\management_ext.dll
0x00007ffeb09f0000 - 0x00007ffeb0a08000 	C:\WINDOWS\SYSTEM32\CRYPTSP.dll
0x00007ffeb0260000 - 0x00007ffeb0295000 	C:\WINDOWS\system32\rsaenh.dll
0x00007ffeb08a0000 - 0x00007ffeb08c9000 	C:\WINDOWS\SYSTEM32\USERENV.dll
0x00007ffeb0b70000 - 0x00007ffeb0b97000 	C:\WINDOWS\SYSTEM32\bcrypt.dll
0x00007ffeb0a10000 - 0x00007ffeb0a1c000 	C:\WINDOWS\SYSTEM32\CRYPTBASE.dll
0x00007ffea91b0000 - 0x00007ffea91c9000 	C:\WINDOWS\SYSTEM32\dhcpcsvc6.DLL
0x00007ffea9480000 - 0x00007ffea949e000 	C:\WINDOWS\SYSTEM32\dhcpcsvc.DLL
0x00007ffe97760000 - 0x00007ffe97777000 	C:\WINDOWS\system32\napinsp.dll
0x00007ffe97530000 - 0x00007ffe9754b000 	C:\WINDOWS\system32\pnrpnsp.dll
0x00007ffe97500000 - 0x00007ffe97512000 	C:\WINDOWS\System32\winrnr.dll
0x00007ffea9040000 - 0x00007ffea9055000 	C:\WINDOWS\system32\wshbth.dll
0x00007ffe974e0000 - 0x00007ffe974ff000 	C:\WINDOWS\system32\nlansp_c.dll
0x00007ffead620000 - 0x00007ffead62e000 	C:\Program Files\BellSoft\LibericaJDK-11\bin\sunmscapi.dll
0x00007ffeb19d0000 - 0x00007ffeb1b32000 	C:\WINDOWS\System32\CRYPT32.dll
0x00007ffeb0b40000 - 0x00007ffeb0b68000 	C:\WINDOWS\SYSTEM32\ncrypt.dll
0x00007ffeb0b00000 - 0x00007ffeb0b37000 	C:\WINDOWS\SYSTEM32\NTASN1.dll
0x00007ffe9a250000 - 0x00007ffe9a275000 	C:\Program Files\BellSoft\LibericaJDK-11\bin\sunec.dll

dbghelp: loaded successfully - version: 4.0.5 - missing functions: none
symbol engine: initialized successfully - sym options: 0x614 - pdb path: .;C:\Program Files\BellSoft\LibericaJDK-11\bin;C:\WINDOWS\SYSTEM32;C:\WINDOWS\WinSxS\amd64_microsoft.windows.common-controls_6595b64144ccf1df_6.0.22000.120_none_9d947278b86cc467;C:\Program Files\BellSoft\LibericaJDK-11\bin\server;C:\Program Files\JetBrains\IntelliJ IDEA 2021.3.2\bin

VM Arguments:
jvm_args: -XX:TieredStopAtLevel=1 -Xverify:none -Dspring.output.ansi.enabled=always -Dcom.sun.management.jmxremote -Dspring.jmx.enabled=true -Dspring.liveBeansView.mbeanDomain -Dspring.application.admin.enabled=true -javaagent:C:\Program Files\JetBrains\IntelliJ IDEA 2021.3.2\lib\idea_rt.jar=50960:C:\Program Files\JetBrains\IntelliJ IDEA 2021.3.2\bin -Dfile.encoding=UTF-8 
java_command: ru.geekbrains.marchmarket.MarchMarketApplication
java_class_path (initial): C:\repo\market\march-market\target\classes;C:\Users\mi\.m2\repository\org\springframework\boot\spring-boot-starter-data-jpa\2.6.6\spring-boot-starter-data-jpa-2.6.6.jar;C:\Users\mi\.m2\repository\org\springframework\boot\spring-boot-starter-aop\2.6.6\spring-boot-starter-aop-2.6.6.jar;C:\Users\mi\.m2\repository\org\springframework\spring-aop\5.3.18\spring-aop-5.3.18.jar;C:\Users\mi\.m2\repository\org\aspectj\aspectjweaver\1.9.7\aspectjweaver-1.9.7.jar;C:\Users\mi\.m2\repository\org\springframework\boot\spring-boot-starter-jdbc\2.6.6\spring-boot-starter-jdbc-2.6.6.jar;C:\Users\mi\.m2\repository\com\zaxxer\HikariCP\4.0.3\HikariCP-4.0.3.jar;C:\Users\mi\.m2\repository\org\springframework\spring-jdbc\5.3.18\spring-jdbc-5.3.18.jar;C:\Users\mi\.m2\repository\jakarta\transaction\jakarta.transaction-api\1.3.3\jakarta.transaction-api-1.3.3.jar;C:\Users\mi\.m2\repository\jakarta\persistence\jakarta.persistence-api\2.2.3\jakarta.persistence-api-2.2.3.jar;C:\Users\mi\.m2\repository\org\hibernate\hibernate-core\5.6.7.Final\hibernate-core-5.6.7.Final.jar;C:\Users\mi\.m2\repository\org\jboss\logging\jboss-logging\3.4.3.Final\jboss-logging-3.4.3.Final.jar;C:\Users\mi\.m2\repository\net\bytebuddy\byte-buddy\1.11.22\byte-buddy-1.11.22.jar;C:\Users\mi\.m2\repository\antlr\antlr\2.7.7\antlr-2.7.7.jar;C:\Users\mi\.m2\repository\org\jboss\jandex\2.4.2.Final\jandex-2.4.2.Final.jar;C:\Users\mi\.m2\repository\com\fasterxml\classmate\1.5.1\classmate-1.5.1.jar;C:\Users\mi\.m2\repository\org\hibernate\common\hibernate-commons-annotations\5.1.2.Final\hibernate-commons-annotations-5.1.2.Final.jar;C:\Users\mi\.m2\repository\org\glassfish\jaxb\jaxb-runtime\2.3.6\jaxb-runtime-2.3.6.jar;C:\Users\mi\.m2\repository\org\glassfish\jaxb\txw2\2.3.6\txw2-2.3.6.jar;C:\Users\mi\.m2\repository\com\sun\istack\istack-commons-runtime\3.0.12\istack-commons-runtime-3.0.12.jar;C:\Users\mi\.m2\repository\com\sun\activation\jakarta.activation\1.2.2\jakarta.activation-1.2.2.jar;C:\Users\mi\.
Launcher Type: SUN_STANDARD

[Global flags]
     bool BytecodeVerificationLocal                = false                                     {product} {command line}
     bool BytecodeVerificationRemote               = false                                     {product} {command line}
     intx CICompilerCount                          = 4                                         {product} {ergonomic}
     uint ConcGCThreads                            = 2                                         {product} {ergonomic}
     uint G1ConcRefinementThreads                  = 8                                         {product} {ergonomic}
   size_t G1HeapRegionSize                         = 1048576                                   {product} {ergonomic}
    uintx GCDrainStackTargetSize                   = 64                                        {product} {ergonomic}
   size_t InitialHeapSize                          = 134217728                                 {product} {ergonomic}
     bool ManagementServer                         = true                                      {product} {command line}
   size_t MarkStackSize                            = 4194304                                   {product} {ergonomic}
   size_t MaxHeapSize                              = 2124414976                                {product} {ergonomic}
   size_t MaxNewSize                               = 1274019840                                {product} {ergonomic}
   size_t MinHeapDeltaBytes                        = 1048576                                   {product} {ergonomic}
    uintx NonNMethodCodeHeapSize                   = 7549744                                {pd product} {ergonomic}
    uintx NonProfiledCodeHeapSize                  = 244108496                              {pd product} {ergonomic}
    uintx ProfiledCodeHeapSize                     = 0                                      {pd product} {ergonomic}
    uintx ReservedCodeCacheSize                    = 251658240                              {pd product} {ergonomic}
     bool SegmentedCodeCache                       = true                                      {product} {ergonomic}
     intx TieredStopAtLevel                        = 1                                         {product} {command line}
     bool UseCompressedClassPointers               = true                                 {lp64_product} {ergonomic}
     bool UseCompressedOops                        = true                                 {lp64_product} {ergonomic}
     bool UseG1GC                                  = true                                      {product} {ergonomic}
     bool UseLargePagesIndividualAllocation        = false                                  {pd product} {ergonomic}

Logging:
Log output configuration:
 #0: stdout all=warning uptime,level,tags
 #1: stderr all=off uptime,level,tags

Environment Variables:
JAVA_HOME=C:\Program Files\BellSoft\LibericaJDK-11\
PATH=C:\Program Files\BellSoft\LibericaJDK-11\bin\;C:\Program Files\Eclipse Foundation\jdk-11.0.12.7-hotspot\bin;C:\Program Files\Common Files\Oracle\Java\javapath;C:\Program Files (x86)\Common Files\Oracle\Java\javapath;C:\Program Files (x86)\NVIDIA Corporation\PhysX\Common;C:\WINDOWS\system32;C:\WINDOWS;C:\WINDOWS\System32\Wbem;C:\WINDOWS\System32\WindowsPowerShell\v1.0\;C:\WINDOWS\System32\OpenSSH\;C:\Program Files\nodejs\;C:\Program Files\Git\cmd;C:\Program Files\MySQL\MySQL Shell 8.0\bin\;C:\Users\mi\AppData\Local\Microsoft\WindowsApps;C:\Users\mi\AppData\Roaming\npm;C:\Users\mi\AppData\Local\GitHubDesktop\bin;C:\Users\mi\AppData\Local\gitkraken\bin;%USERPROFILE%\AppData\Local\Microsoft\WindowsApps;
USERNAME=mi
OS=Windows_NT
PROCESSOR_IDENTIFIER=Intel64 Family 6 Model 142 Stepping 10, GenuineIntel



---------------  S Y S T E M  ---------------

OS: Windows 10 , 64 bit Build 22000 (10.0.22000.434)
OS uptime: 5 days 2:13 hours

CPU:total 8 (initial active 8) (4 cores per cpu, 2 threads per core) family 6 model 142 stepping 10 microcode 0xe0, cmov, cx8, fxsr, mmx, sse, sse2, sse3, ssse3, sse4.1, sse4.2, popcnt, avx, avx2, aes, clmul, erms, 3dnowpref, lzcnt, ht, tsc, tscinvbit, bmi1, bmi2, adx, fma

Memory: 4k page, system-wide physical 8101M (304M free)
TotalPageFile size 32677M (AvailPageFile size 5M)
current process WorkingSet (physical memory assigned to process): 255M, peak: 255M
current process commit charge ("private bytes"): 328M, peak: 328M

vm_info: OpenJDK 64-Bit Server VM (11.0.12+7-LTS) for windows-amd64 JRE (11.0.12+7-LTS), built on Jul  9 2021 16:11:21 by "" with unknown MS VC++:1916

END.
